{"C:\\Users\\Equipo\\OneDrive\\Escritorio\\clinica-veterinaria-front\\ex-java-springboot-veterinary_clinic-front\\src\\pages\\HomeUserPage.jsx": {"path":"C:\\Users\\Equipo\\OneDrive\\Escritorio\\clinica-veterinaria-front\\ex-java-springboot-veterinary_clinic-front\\src\\pages\\HomeUserPage.jsx","statementMap":{"0":{"start":{"line":18,"column":34},"end":{"line":18,"column":46}},"1":{"start":{"line":19,"column":32},"end":{"line":19,"column":46}},"2":{"start":{"line":20,"column":42},"end":{"line":20,"column":57}},"3":{"start":{"line":21,"column":48},"end":{"line":21,"column":63}},"4":{"start":{"line":22,"column":46},"end":{"line":22,"column":60}},"5":{"start":{"line":23,"column":34},"end":{"line":23,"column":48}},"6":{"start":{"line":24,"column":48},"end":{"line":24,"column":63}},"7":{"start":{"line":25,"column":50},"end":{"line":25,"column":69}},"8":{"start":{"line":26,"column":42},"end":{"line":26,"column":56}},"9":{"start":{"line":29,"column":24},"end":{"line":40,"column":3}},"10":{"start":{"line":30,"column":4},"end":{"line":39,"column":5}},"11":{"start":{"line":31,"column":6},"end":{"line":31,"column":23}},"12":{"start":{"line":32,"column":19},"end":{"line":32,"column":38}},"13":{"start":{"line":33,"column":6},"end":{"line":33,"column":24}},"14":{"start":{"line":35,"column":6},"end":{"line":35,"column":55}},"15":{"start":{"line":36,"column":6},"end":{"line":36,"column":22}},"16":{"start":{"line":38,"column":6},"end":{"line":38,"column":24}},"17":{"start":{"line":42,"column":2},"end":{"line":44,"column":9}},"18":{"start":{"line":43,"column":4},"end":{"line":43,"column":20}},"19":{"start":{"line":47,"column":28},"end":{"line":79,"column":3}},"20":{"start":{"line":48,"column":4},"end":{"line":48,"column":30}},"21":{"start":{"line":48,"column":23},"end":{"line":48,"column":30}},"22":{"start":{"line":49,"column":4},"end":{"line":76,"column":5}},"23":{"start":{"line":51,"column":6},"end":{"line":69,"column":7}},"24":{"start":{"line":51,"column":31},"end":{"line":51,"column":55}},"25":{"start":{"line":53,"column":8},"end":{"line":53,"column":59}},"26":{"start":{"line":54,"column":8},"end":{"line":56,"column":10}},"27":{"start":{"line":55,"column":10},"end":{"line":55,"column":53}},"28":{"start":{"line":57,"column":8},"end":{"line":60,"column":11}},"29":{"start":{"line":63,"column":27},"end":{"line":63,"column":62}},"30":{"start":{"line":64,"column":8},"end":{"line":64,"column":48}},"31":{"start":{"line":65,"column":8},"end":{"line":68,"column":11}},"32":{"start":{"line":70,"column":6},"end":{"line":70,"column":31}},"33":{"start":{"line":72,"column":6},"end":{"line":75,"column":9}},"34":{"start":{"line":77,"column":4},"end":{"line":77,"column":27}},"35":{"start":{"line":78,"column":4},"end":{"line":78,"column":28}},"36":{"start":{"line":82,"column":24},"end":{"line":85,"column":3}},"37":{"start":{"line":83,"column":4},"end":{"line":83,"column":28}},"38":{"start":{"line":84,"column":4},"end":{"line":84,"column":26}},"39":{"start":{"line":88,"column":29},"end":{"line":91,"column":3}},"40":{"start":{"line":89,"column":4},"end":{"line":89,"column":31}},"41":{"start":{"line":90,"column":4},"end":{"line":90,"column":26}},"42":{"start":{"line":94,"column":32},"end":{"line":102,"column":3}},"43":{"start":{"line":95,"column":24},"end":{"line":95,"column":49}},"44":{"start":{"line":96,"column":4},"end":{"line":100,"column":5}},"45":{"start":{"line":97,"column":6},"end":{"line":97,"column":33}},"46":{"start":{"line":99,"column":6},"end":{"line":99,"column":36}},"47":{"start":{"line":101,"column":4},"end":{"line":101,"column":37}},"48":{"start":{"line":105,"column":29},"end":{"line":108,"column":3}},"49":{"start":{"line":106,"column":4},"end":{"line":106,"column":31}},"50":{"start":{"line":107,"column":4},"end":{"line":107,"column":29}},"51":{"start":{"line":111,"column":30},"end":{"line":114,"column":3}},"52":{"start":{"line":112,"column":4},"end":{"line":112,"column":31}},"53":{"start":{"line":113,"column":4},"end":{"line":113,"column":29}},"54":{"start":{"line":117,"column":24},"end":{"line":133,"column":3}},"55":{"start":{"line":118,"column":4},"end":{"line":130,"column":5}},"56":{"start":{"line":119,"column":6},"end":{"line":119,"column":45}},"57":{"start":{"line":120,"column":6},"end":{"line":120,"column":76}},"58":{"start":{"line":120,"column":28},"end":{"line":120,"column":74}},"59":{"start":{"line":120,"column":47},"end":{"line":120,"column":73}},"60":{"start":{"line":121,"column":6},"end":{"line":124,"column":9}},"61":{"start":{"line":126,"column":6},"end":{"line":129,"column":9}},"62":{"start":{"line":131,"column":4},"end":{"line":131,"column":30}},"63":{"start":{"line":132,"column":4},"end":{"line":132,"column":28}},"64":{"start":{"line":135,"column":23},"end":{"line":138,"column":3}},"65":{"start":{"line":136,"column":4},"end":{"line":136,"column":30}},"66":{"start":{"line":137,"column":4},"end":{"line":137,"column":28}},"67":{"start":{"line":141,"column":25},"end":{"line":143,"column":3}},"68":{"start":{"line":142,"column":4},"end":{"line":142,"column":32}},"69":{"start":{"line":144,"column":27},"end":{"line":148,"column":20}},"70":{"start":{"line":146,"column":15},"end":{"line":146,"column":62}},"71":{"start":{"line":151,"column":30},"end":{"line":154,"column":3}},"72":{"start":{"line":152,"column":4},"end":{"line":152,"column":40}},"73":{"start":{"line":152,"column":33},"end":{"line":152,"column":38}},"74":{"start":{"line":153,"column":4},"end":{"line":153,"column":35}},"75":{"start":{"line":156,"column":2},"end":{"line":232,"column":4}},"76":{"start":{"line":170,"column":18},"end":{"line":196,"column":24}},"77":{"start":{"line":175,"column":37},"end":{"line":175,"column":64}},"78":{"start":{"line":176,"column":38},"end":{"line":176,"column":66}},"79":{"start":{"line":180,"column":24},"end":{"line":180,"column":69}},"80":{"start":{"line":185,"column":37},"end":{"line":185,"column":64}},"81":{"start":{"line":211,"column":12},"end":{"line":211,"column":35}},"82":{"start":{"line":212,"column":12},"end":{"line":212,"column":36}},"83":{"start":{"line":222,"column":25},"end":{"line":222,"column":42}}},"fnMap":{"0":{"name":"HomeUserPage","decl":{"start":{"line":17,"column":24},"end":{"line":17,"column":36}},"loc":{"start":{"line":17,"column":39},"end":{"line":233,"column":1}},"line":17},"1":{"name":"(anonymous_1)","decl":{"start":{"line":29,"column":24},"end":{"line":29,"column":25}},"loc":{"start":{"line":29,"column":36},"end":{"line":40,"column":3}},"line":29},"2":{"name":"(anonymous_2)","decl":{"start":{"line":42,"column":12},"end":{"line":42,"column":13}},"loc":{"start":{"line":42,"column":18},"end":{"line":44,"column":3}},"line":42},"3":{"name":"(anonymous_3)","decl":{"start":{"line":47,"column":28},"end":{"line":47,"column":29}},"loc":{"start":{"line":47,"column":52},"end":{"line":79,"column":3}},"line":47},"4":{"name":"(anonymous_4)","decl":{"start":{"line":51,"column":24},"end":{"line":51,"column":25}},"loc":{"start":{"line":51,"column":31},"end":{"line":51,"column":55}},"line":51},"5":{"name":"(anonymous_5)","decl":{"start":{"line":54,"column":35},"end":{"line":54,"column":36}},"loc":{"start":{"line":55,"column":10},"end":{"line":55,"column":53}},"line":55},"6":{"name":"(anonymous_6)","decl":{"start":{"line":82,"column":24},"end":{"line":82,"column":25}},"loc":{"start":{"line":82,"column":30},"end":{"line":85,"column":3}},"line":82},"7":{"name":"(anonymous_7)","decl":{"start":{"line":88,"column":29},"end":{"line":88,"column":30}},"loc":{"start":{"line":88,"column":42},"end":{"line":91,"column":3}},"line":88},"8":{"name":"(anonymous_8)","decl":{"start":{"line":94,"column":32},"end":{"line":94,"column":33}},"loc":{"start":{"line":94,"column":59},"end":{"line":102,"column":3}},"line":94},"9":{"name":"(anonymous_9)","decl":{"start":{"line":105,"column":29},"end":{"line":105,"column":30}},"loc":{"start":{"line":105,"column":42},"end":{"line":108,"column":3}},"line":105},"10":{"name":"(anonymous_10)","decl":{"start":{"line":111,"column":30},"end":{"line":111,"column":31}},"loc":{"start":{"line":111,"column":43},"end":{"line":114,"column":3}},"line":111},"11":{"name":"(anonymous_11)","decl":{"start":{"line":117,"column":24},"end":{"line":117,"column":25}},"loc":{"start":{"line":117,"column":36},"end":{"line":133,"column":3}},"line":117},"12":{"name":"(anonymous_12)","decl":{"start":{"line":120,"column":18},"end":{"line":120,"column":19}},"loc":{"start":{"line":120,"column":28},"end":{"line":120,"column":74}},"line":120},"13":{"name":"(anonymous_13)","decl":{"start":{"line":120,"column":40},"end":{"line":120,"column":41}},"loc":{"start":{"line":120,"column":47},"end":{"line":120,"column":73}},"line":120},"14":{"name":"(anonymous_14)","decl":{"start":{"line":135,"column":23},"end":{"line":135,"column":24}},"loc":{"start":{"line":135,"column":29},"end":{"line":138,"column":3}},"line":135},"15":{"name":"(anonymous_15)","decl":{"start":{"line":141,"column":44},"end":{"line":141,"column":45}},"loc":{"start":{"line":142,"column":4},"end":{"line":142,"column":32}},"line":142},"16":{"name":"(anonymous_16)","decl":{"start":{"line":146,"column":8},"end":{"line":146,"column":9}},"loc":{"start":{"line":146,"column":15},"end":{"line":146,"column":62}},"line":146},"17":{"name":"(anonymous_17)","decl":{"start":{"line":151,"column":30},"end":{"line":151,"column":31}},"loc":{"start":{"line":151,"column":36},"end":{"line":154,"column":3}},"line":151},"18":{"name":"(anonymous_18)","decl":{"start":{"line":152,"column":23},"end":{"line":152,"column":24}},"loc":{"start":{"line":152,"column":33},"end":{"line":152,"column":38}},"line":152},"19":{"name":"(anonymous_19)","decl":{"start":{"line":169,"column":37},"end":{"line":169,"column":38}},"loc":{"start":{"line":170,"column":18},"end":{"line":196,"column":24}},"line":170},"20":{"name":"(anonymous_20)","decl":{"start":{"line":175,"column":31},"end":{"line":175,"column":32}},"loc":{"start":{"line":175,"column":37},"end":{"line":175,"column":64}},"line":175},"21":{"name":"(anonymous_21)","decl":{"start":{"line":176,"column":32},"end":{"line":176,"column":33}},"loc":{"start":{"line":176,"column":38},"end":{"line":176,"column":66}},"line":176},"22":{"name":"(anonymous_22)","decl":{"start":{"line":179,"column":41},"end":{"line":179,"column":42}},"loc":{"start":{"line":180,"column":24},"end":{"line":180,"column":69}},"line":180},"23":{"name":"(anonymous_23)","decl":{"start":{"line":185,"column":31},"end":{"line":185,"column":32}},"loc":{"start":{"line":185,"column":37},"end":{"line":185,"column":64}},"line":185},"24":{"name":"(anonymous_24)","decl":{"start":{"line":210,"column":19},"end":{"line":210,"column":20}},"loc":{"start":{"line":210,"column":25},"end":{"line":213,"column":11}},"line":210},"25":{"name":"(anonymous_25)","decl":{"start":{"line":222,"column":19},"end":{"line":222,"column":20}},"loc":{"start":{"line":222,"column":25},"end":{"line":222,"column":42}},"line":222}},"branchMap":{"0":{"loc":{"start":{"line":48,"column":4},"end":{"line":48,"column":30}},"type":"if","locations":[{"start":{"line":48,"column":4},"end":{"line":48,"column":30}},{"start":{},"end":{}}],"line":48},"1":{"loc":{"start":{"line":51,"column":6},"end":{"line":69,"column":7}},"type":"if","locations":[{"start":{"line":51,"column":6},"end":{"line":69,"column":7}},{"start":{"line":61,"column":13},"end":{"line":69,"column":7}}],"line":51},"2":{"loc":{"start":{"line":55,"column":10},"end":{"line":55,"column":53}},"type":"cond-expr","locations":[{"start":{"line":55,"column":37},"end":{"line":55,"column":49}},{"start":{"line":55,"column":52},"end":{"line":55,"column":53}}],"line":55},"3":{"loc":{"start":{"line":96,"column":4},"end":{"line":100,"column":5}},"type":"if","locations":[{"start":{"line":96,"column":4},"end":{"line":100,"column":5}},{"start":{"line":98,"column":11},"end":{"line":100,"column":5}}],"line":96},"4":{"loc":{"start":{"line":144,"column":27},"end":{"line":148,"column":20}},"type":"cond-expr","locations":[{"start":{"line":145,"column":6},"end":{"line":147,"column":7}},{"start":{"line":148,"column":6},"end":{"line":148,"column":20}}],"line":144},"5":{"loc":{"start":{"line":166,"column":15},"end":{"line":202,"column":15}},"type":"cond-expr","locations":[{"start":{"line":167,"column":16},"end":{"line":167,"column":79}},{"start":{"line":168,"column":18},"end":{"line":202,"column":15}}],"line":166},"6":{"loc":{"start":{"line":168,"column":18},"end":{"line":202,"column":15}},"type":"cond-expr","locations":[{"start":{"line":169,"column":16},"end":{"line":197,"column":18}},{"start":{"line":199,"column":16},"end":{"line":201,"column":22}}],"line":168},"7":{"loc":{"start":{"line":207,"column":7},"end":{"line":217,"column":7}},"type":"binary-expr","locations":[{"start":{"line":207,"column":7},"end":{"line":207,"column":19}},{"start":{"line":208,"column":8},"end":{"line":216,"column":10}}],"line":207},"8":{"loc":{"start":{"line":218,"column":7},"end":{"line":224,"column":7}},"type":"binary-expr","locations":[{"start":{"line":218,"column":7},"end":{"line":218,"column":15}},{"start":{"line":219,"column":8},"end":{"line":223,"column":10}}],"line":218},"9":{"loc":{"start":{"line":225,"column":7},"end":{"line":230,"column":7}},"type":"binary-expr","locations":[{"start":{"line":225,"column":7},"end":{"line":225,"column":22}},{"start":{"line":226,"column":8},"end":{"line":229,"column":10}}],"line":225}},"s":{"0":28,"1":28,"2":28,"3":28,"4":28,"5":28,"6":28,"7":28,"8":28,"9":28,"10":9,"11":9,"12":9,"13":9,"14":0,"15":0,"16":9,"17":28,"18":9,"19":28,"20":0,"21":0,"22":0,"23":0,"24":0,"25":0,"26":0,"27":0,"28":0,"29":0,"30":0,"31":0,"32":0,"33":0,"34":0,"35":0,"36":28,"37":1,"38":1,"39":28,"40":5,"41":5,"42":28,"43":0,"44":0,"45":0,"46":0,"47":0,"48":28,"49":0,"50":0,"51":28,"52":4,"53":4,"54":28,"55":2,"56":2,"57":1,"58":1,"59":2,"60":1,"61":1,"62":2,"63":2,"64":28,"65":1,"66":1,"67":28,"68":14,"69":28,"70":0,"71":28,"72":0,"73":0,"74":0,"75":28,"76":30,"77":5,"78":4,"79":0,"80":0,"81":0,"82":0,"83":0},"f":{"0":28,"1":9,"2":9,"3":0,"4":0,"5":0,"6":1,"7":5,"8":0,"9":0,"10":4,"11":2,"12":1,"13":2,"14":1,"15":14,"16":0,"17":0,"18":0,"19":30,"20":5,"21":4,"22":0,"23":0,"24":0,"25":0},"b":{"0":[0,0],"1":[0,0],"2":[0,0],"3":[0,0],"4":[0,28],"5":[11,17],"6":[16,1],"7":[28,11],"8":[28,2],"9":[28,4]},"_coverageSchema":"1a1c01bbd47fc00a2c39e90264f33305004495a9","hash":"0b39bb762a5187a78c3de666d748a86a6cd9a8c6"}
}
