TN:
SF:src\pages\HomePage.jsx
FN:8,HomePage
FN:13,(anonymous_1)
FN:16,(anonymous_2)
FN:25,(anonymous_3)
FN:29,(anonymous_4)
FN:41,(anonymous_5)
FN:45,(anonymous_6)
FN:55,(anonymous_7)
FN:61,(anonymous_8)
FN:80,(anonymous_9)
FN:87,(anonymous_10)
FNF:11
FNH:8
FNDA:6,HomePage
FNDA:12,(anonymous_1)
FNDA:4,(anonymous_2)
FNDA:2,(anonymous_3)
FNDA:0,(anonymous_4)
FNDA:4,(anonymous_5)
FNDA:1,(anonymous_6)
FNDA:1,(anonymous_7)
FNDA:0,(anonymous_8)
FNDA:1,(anonymous_9)
FNDA:0,(anonymous_10)
DA:9,6
DA:10,6
DA:12,6
DA:13,12
DA:16,6
DA:17,4
DA:18,4
DA:20,4
DA:21,3
DA:24,3
DA:26,2
DA:27,2
DA:29,0
DA:32,3
DA:34,0
DA:35,0
DA:37,3
DA:41,6
DA:42,4
DA:45,6
DA:46,1
DA:47,1
DA:48,1
DA:49,1
DA:50,1
DA:52,1
DA:55,6
DA:56,1
DA:58,1
DA:61,6
DA:63,6
DA:81,1
DA:87,0
LF:33
LH:29
BRDA:77,0,0,4
BRDA:77,0,1,2
BRDA:79,1,0,1
BRDA:79,1,1,1
BRDA:84,2,0,1
BRDA:84,2,1,0
BRF:6
BRH:5
end_of_record
TN:
SF:src\pages\HomeUserPage.jsx
FN:17,HomeUserPage
FN:29,(anonymous_1)
FN:42,(anonymous_2)
FN:47,(anonymous_3)
FN:51,(anonymous_4)
FN:54,(anonymous_5)
FN:82,(anonymous_6)
FN:88,(anonymous_7)
FN:94,(anonymous_8)
FN:105,(anonymous_9)
FN:111,(anonymous_10)
FN:117,(anonymous_11)
FN:120,(anonymous_12)
FN:120,(anonymous_13)
FN:135,(anonymous_14)
FN:141,(anonymous_15)
FN:146,(anonymous_16)
FN:151,(anonymous_17)
FN:152,(anonymous_18)
FN:169,(anonymous_19)
FN:175,(anonymous_20)
FN:176,(anonymous_21)
FN:179,(anonymous_22)
FN:185,(anonymous_23)
FN:210,(anonymous_24)
FN:222,(anonymous_25)
FNF:26
FNH:14
FNDA:28,HomeUserPage
FNDA:9,(anonymous_1)
FNDA:9,(anonymous_2)
FNDA:0,(anonymous_3)
FNDA:0,(anonymous_4)
FNDA:0,(anonymous_5)
FNDA:1,(anonymous_6)
FNDA:5,(anonymous_7)
FNDA:0,(anonymous_8)
FNDA:0,(anonymous_9)
FNDA:4,(anonymous_10)
FNDA:2,(anonymous_11)
FNDA:1,(anonymous_12)
FNDA:2,(anonymous_13)
FNDA:1,(anonymous_14)
FNDA:14,(anonymous_15)
FNDA:0,(anonymous_16)
FNDA:0,(anonymous_17)
FNDA:0,(anonymous_18)
FNDA:30,(anonymous_19)
FNDA:5,(anonymous_20)
FNDA:4,(anonymous_21)
FNDA:0,(anonymous_22)
FNDA:0,(anonymous_23)
FNDA:0,(anonymous_24)
FNDA:0,(anonymous_25)
DA:18,28
DA:19,28
DA:20,28
DA:21,28
DA:22,28
DA:23,28
DA:24,28
DA:25,28
DA:26,28
DA:29,28
DA:30,9
DA:31,9
DA:32,9
DA:33,9
DA:35,0
DA:36,0
DA:38,9
DA:42,28
DA:43,9
DA:47,28
DA:48,0
DA:49,0
DA:51,0
DA:53,0
DA:54,0
DA:55,0
DA:57,0
DA:63,0
DA:64,0
DA:65,0
DA:70,0
DA:72,0
DA:77,0
DA:78,0
DA:82,28
DA:83,1
DA:84,1
DA:88,28
DA:89,5
DA:90,5
DA:94,28
DA:95,0
DA:96,0
DA:97,0
DA:99,0
DA:101,0
DA:105,28
DA:106,0
DA:107,0
DA:111,28
DA:112,4
DA:113,4
DA:117,28
DA:118,2
DA:119,2
DA:120,2
DA:121,1
DA:126,1
DA:131,2
DA:132,2
DA:135,28
DA:136,1
DA:137,1
DA:141,28
DA:142,14
DA:144,28
DA:146,0
DA:151,28
DA:152,0
DA:153,0
DA:156,28
DA:170,30
DA:175,5
DA:176,4
DA:180,0
DA:185,0
DA:211,0
DA:212,0
DA:222,0
LF:79
LH:48
BRDA:48,0,0,0
BRDA:48,0,1,0
BRDA:51,1,0,0
BRDA:51,1,1,0
BRDA:55,2,0,0
BRDA:55,2,1,0
BRDA:96,3,0,0
BRDA:96,3,1,0
BRDA:144,4,0,0
BRDA:144,4,1,28
BRDA:166,5,0,11
BRDA:166,5,1,17
BRDA:168,6,0,16
BRDA:168,6,1,1
BRDA:207,7,0,28
BRDA:207,7,1,11
BRDA:218,8,0,28
BRDA:218,8,1,2
BRDA:225,9,0,28
BRDA:225,9,1,4
BRF:20
BRH:11
end_of_record
TN:
SF:src\pages\LoginPage.jsx
FN:8,(anonymous_0)
FN:8,(anonymous_1)
FN:8,(anonymous_2)
FN:17,(anonymous_3)
FN:18,(anonymous_4)
FN:25,(anonymous_5)
FN:32,(anonymous_6)
FN:57,(anonymous_7)
FN:74,(anonymous_8)
FN:99,(anonymous_9)
FN:113,(anonymous_10)
FN:118,(anonymous_11)
FNF:12
FNH:9
FNDA:15,(anonymous_0)
FNDA:0,(anonymous_1)
FNDA:0,(anonymous_2)
FNDA:4,(anonymous_3)
FNDA:4,(anonymous_4)
FNDA:0,(anonymous_5)
FNDA:3,(anonymous_6)
FNDA:3,(anonymous_7)
FNDA:3000,(anonymous_8)
FNDA:2,(anonymous_9)
FNDA:2,(anonymous_10)
FNDA:2,(anonymous_11)
DA:8,1
DA:9,15
DA:14,15
DA:15,15
DA:17,15
DA:18,4
DA:24,4
DA:25,0
DA:32,15
DA:33,3
DA:35,3
DA:36,1
DA:38,2
DA:39,2
DA:41,2
DA:42,1
DA:46,3
DA:47,1
DA:48,2
DA:49,1
DA:52,3
DA:53,3
DA:57,15
DA:58,3
DA:59,3
DA:61,1
DA:66,1
DA:70,15
DA:75,3000
DA:99,2
DA:113,2
DA:118,2
LF:32
LH:31
BRDA:8,0,0,0
BRDA:8,1,0,0
BRDA:24,2,0,0
BRDA:24,2,1,4
BRDA:35,3,0,1
BRDA:35,3,1,2
BRDA:41,4,0,1
BRDA:41,4,1,1
BRDA:41,5,0,2
BRDA:41,5,1,1
BRDA:46,6,0,1
BRDA:46,6,1,2
BRDA:48,7,0,1
BRDA:48,7,1,1
BRDA:59,8,0,1
BRDA:59,8,1,2
BRDA:96,9,0,2
BRDA:96,9,1,13
BRDA:102,10,0,15
BRDA:102,10,1,2
BRDA:109,11,0,1
BRDA:109,11,1,14
BRDA:110,12,0,2
BRDA:110,12,1,13
BRDA:120,13,0,1
BRDA:120,13,1,14
BRDA:123,14,0,15
BRDA:123,14,1,2
BRF:28
BRH:25
end_of_record
