TN:
SF:src\components\addAppt\AddAppt.jsx
FN:9,(anonymous_0)
FN:9,(anonymous_1)
FN:9,(anonymous_2)
FN:21,(anonymous_3)
FN:26,(anonymous_4)
FN:33,(anonymous_5)
FN:35,(anonymous_6)
FN:38,(anonymous_7)
FN:73,(anonymous_8)
FN:104,(anonymous_9)
FN:114,(anonymous_10)
FN:127,(anonymous_11)
FN:137,(anonymous_12)
FN:152,(anonymous_13)
FN:160,(anonymous_14)
FNF:15
FNH:13
FNDA:33,(anonymous_0)
FNDA:0,(anonymous_1)
FNDA:0,(anonymous_2)
FNDA:10,(anonymous_3)
FNDA:3,(anonymous_4)
FNDA:16,(anonymous_5)
FNDA:16,(anonymous_6)
FNDA:3,(anonymous_7)
FNDA:1,(anonymous_8)
FNDA:4,(anonymous_9)
FNDA:3,(anonymous_10)
FNDA:3,(anonymous_11)
FNDA:3,(anonymous_12)
FNDA:2,(anonymous_13)
FNDA:1,(anonymous_14)
DA:9,1
DA:10,33
DA:19,33
DA:21,33
DA:22,10
DA:23,7
DA:24,7
DA:26,3
DA:27,3
DA:28,3
DA:30,3
DA:33,33
DA:34,16
DA:35,16
DA:38,33
DA:39,3
DA:40,3
DA:41,3
DA:42,3
DA:44,3
DA:49,3
DA:50,1
DA:51,1
DA:54,2
DA:55,2
DA:62,2
DA:63,1
DA:64,1
DA:67,1
DA:68,1
DA:73,33
DA:74,1
DA:82,1
DA:85,33
DA:87,31
DA:104,4
DA:114,3
DA:127,3
DA:137,3
DA:152,2
DA:160,1
LF:41
LH:41
BRDA:9,0,0,0
BRDA:9,1,0,21
BRDA:9,2,0,25
BRDA:22,3,0,7
BRDA:22,3,1,3
BRDA:49,4,0,1
BRDA:49,4,1,2
BRDA:49,5,0,3
BRDA:49,5,1,2
BRDA:49,5,2,2
BRDA:57,6,0,2
BRDA:57,6,1,0
BRDA:85,7,0,2
BRDA:85,7,1,31
BRF:14
BRH:12
end_of_record
TN:
SF:src\components\addSelectModal\AddSelectModal.jsx
FN:4,AddSelectModal
FN:5,(anonymous_1)
FN:13,(anonymous_2)
FN:19,(anonymous_3)
FN:25,(anonymous_4)
FN:32,(anonymous_5)
FNF:6
FNH:6
FNDA:5,AddSelectModal
FNDA:2,(anonymous_1)
FNDA:1,(anonymous_2)
FNDA:3,(anonymous_3)
FNDA:1,(anonymous_4)
FNDA:1,(anonymous_5)
DA:5,5
DA:6,2
DA:7,2
DA:10,5
DA:13,1
DA:19,3
DA:25,1
DA:32,1
LF:8
LH:8
BRF:0
BRH:0
end_of_record
TN:
SF:src\components\addTreatment\AddTreatment.jsx
FN:4,(anonymous_0)
FN:4,(anonymous_1)
FN:4,(anonymous_2)
FN:13,(anonymous_3)
FN:14,(anonymous_4)
FN:17,(anonymous_5)
FN:31,(anonymous_6)
FN:62,(anonymous_7)
FN:75,(anonymous_8)
FN:90,(anonymous_9)
FN:104,(anonymous_10)
FN:114,(anonymous_11)
FNF:12
FNH:10
FNDA:18,(anonymous_0)
FNDA:0,(anonymous_1)
FNDA:0,(anonymous_2)
FNDA:11,(anonymous_3)
FNDA:11,(anonymous_4)
FNDA:1,(anonymous_5)
FNDA:1,(anonymous_6)
FNDA:3,(anonymous_7)
FNDA:2,(anonymous_8)
FNDA:2,(anonymous_9)
FNDA:2,(anonymous_10)
FNDA:2,(anonymous_11)
DA:4,1
DA:5,18
DA:13,18
DA:14,11
DA:17,18
DA:19,1
DA:20,1
DA:22,1
DA:31,18
DA:33,1
DA:40,1
DA:43,18
DA:45,17
DA:62,3
DA:75,2
DA:90,2
DA:104,2
DA:114,2
LF:18
LH:18
BRDA:4,0,0,0
BRDA:4,1,0,8
BRDA:4,2,0,11
BRDA:43,3,0,1
BRDA:43,3,1,17
BRF:5
BRH:4
end_of_record
TN:
SF:src\components\alphabetIndex\AlphabetIndex.jsx
FN:4,(anonymous_0)
FN:6,(anonymous_1)
FN:13,(anonymous_2)
FN:17,(anonymous_3)
FN:21,(anonymous_4)
FN:40,(anonymous_5)
FN:44,(anonymous_6)
FNF:7
FNH:6
FNDA:6,(anonymous_0)
FNDA:0,(anonymous_1)
FNDA:2,(anonymous_2)
FNDA:312,(anonymous_3)
FNDA:156,(anonymous_4)
FNDA:156,(anonymous_5)
FNDA:2,(anonymous_6)
DA:4,1
DA:11,6
DA:13,6
DA:14,2
DA:17,6
DA:18,312
DA:21,6
DA:22,156
DA:24,156
DA:25,2
DA:28,156
DA:29,23
DA:32,156
DA:35,6
DA:41,156
DA:44,2
LF:16
LH:16
BRDA:5,0,0,4
BRDA:6,1,0,4
BRDA:7,2,0,5
BRDA:8,3,0,6
BRDA:9,4,0,6
BRDA:14,5,0,1
BRDA:14,5,1,1
BRDA:18,6,0,312
BRDA:18,6,1,52
BRDA:24,7,0,2
BRDA:24,7,1,154
BRDA:28,8,0,23
BRDA:28,8,1,133
BRDA:50,9,0,156
BRDA:50,9,1,150
BRF:15
BRH:15
end_of_record
TN:
SF:src\components\appointmentCard\AppointmentCard.jsx
FN:7,AppointmentCard
FN:8,(anonymous_1)
FN:31,(anonymous_2)
FN:68,(anonymous_3)
FN:72,(anonymous_4)
FN:79,(anonymous_5)
FNF:6
FNH:6
FNDA:10,AppointmentCard
FNDA:10,(anonymous_1)
FNDA:10,(anonymous_2)
FNDA:1,(anonymous_3)
FNDA:1,(anonymous_4)
FNDA:1,(anonymous_5)
DA:8,10
DA:9,10
DA:11,9
DA:14,9
DA:16,1
DA:19,8
DA:20,8
DA:22,8
DA:23,8
DA:25,8
DA:28,10
DA:29,10
DA:31,10
DA:32,10
DA:33,10
DA:35,10
DA:37,9
DA:40,10
DA:43,10
DA:44,1
DA:56,9
DA:57,9
DA:59,9
DA:68,1
DA:72,1
DA:80,1
DA:81,1
DA:82,1
LF:28
LH:28
BRDA:7,0,0,9
BRDA:9,1,0,1
BRDA:9,1,1,9
BRDA:14,2,0,1
BRDA:14,2,1,8
BRDA:29,3,0,10
BRDA:29,3,1,0
BRDA:32,4,0,0
BRDA:32,4,1,10
BRDA:35,5,0,1
BRDA:35,5,1,9
BRDA:35,6,0,10
BRDA:35,6,1,10
BRDA:43,7,0,1
BRDA:43,7,1,9
BRDA:57,8,0,1
BRDA:57,8,1,8
BRDA:67,9,0,9
BRDA:67,9,1,8
BRDA:78,10,0,9
BRDA:78,10,1,8
BRDA:78,10,2,7
BRDA:81,11,0,1
BRDA:81,11,1,0
BRF:24
BRH:21
end_of_record
TN:
SF:src\components\buttonProfile\ButtonProfile.jsx
FN:7,ButtonProfile
FNF:1
FNH:0
FNDA:0,ButtonProfile
DA:8,0
LF:1
LH:0
BRF:0
BRH:0
end_of_record
TN:
SF:src\components\buttonText\ButtonText.jsx
FN:5,ButtonText
FNF:1
FNH:0
FNDA:0,ButtonText
DA:6,0
DA:7,0
LF:2
LH:0
BRDA:5,0,0,0
BRDA:6,1,0,0
BRDA:6,1,1,0
BRDA:9,2,0,0
BRDA:9,2,1,0
BRDA:9,2,2,0
BRF:6
BRH:0
end_of_record
TN:
SF:src\components\editProfile\EditProfile.jsx
FN:6,(anonymous_0)
FN:6,(anonymous_1)
FN:20,(anonymous_2)
FN:33,(anonymous_3)
FN:34,(anonymous_4)
FN:35,(anonymous_5)
FN:38,(anonymous_6)
FN:40,(anonymous_7)
FN:46,(anonymous_8)
FN:51,(anonymous_9)
FN:55,(anonymous_10)
FN:58,(anonymous_11)
FN:61,(anonymous_12)
FN:64,(anonymous_13)
FN:76,(anonymous_14)
FN:106,(anonymous_15)
FN:155,(anonymous_16)
FN:166,(anonymous_17)
FN:177,(anonymous_18)
FN:188,(anonymous_19)
FNF:20
FNH:0
FNDA:0,(anonymous_0)
FNDA:0,(anonymous_1)
FNDA:0,(anonymous_2)
FNDA:0,(anonymous_3)
FNDA:0,(anonymous_4)
FNDA:0,(anonymous_5)
FNDA:0,(anonymous_6)
FNDA:0,(anonymous_7)
FNDA:0,(anonymous_8)
FNDA:0,(anonymous_9)
FNDA:0,(anonymous_10)
FNDA:0,(anonymous_11)
FNDA:0,(anonymous_12)
FNDA:0,(anonymous_13)
FNDA:0,(anonymous_14)
FNDA:0,(anonymous_15)
FNDA:0,(anonymous_16)
FNDA:0,(anonymous_17)
FNDA:0,(anonymous_18)
FNDA:0,(anonymous_19)
DA:6,1
DA:7,0
DA:15,0
DA:16,0
DA:17,0
DA:20,0
DA:21,0
DA:22,0
DA:29,0
DA:33,0
DA:34,0
DA:35,0
DA:38,0
DA:40,0
DA:41,0
DA:42,0
DA:44,0
DA:45,0
DA:46,0
DA:47,0
DA:50,0
DA:51,0
DA:52,0
DA:55,0
DA:57,0
DA:58,0
DA:59,0
DA:61,0
DA:64,0
DA:65,0
DA:66,0
DA:67,0
DA:68,0
DA:69,0
DA:70,0
DA:72,0
DA:73,0
DA:76,0
DA:77,0
DA:79,0
DA:80,0
DA:81,0
DA:84,0
DA:85,0
DA:93,0
DA:95,0
DA:98,0
DA:99,0
DA:101,0
DA:102,0
DA:106,0
DA:107,0
DA:108,0
DA:109,0
DA:110,0
DA:113,0
DA:115,0
DA:155,0
DA:166,0
DA:177,0
DA:188,0
LF:61
LH:1
BRDA:6,0,0,0
BRDA:6,1,0,0
BRDA:21,2,0,0
BRDA:21,2,1,0
BRDA:23,3,0,0
BRDA:23,3,1,0
BRDA:24,4,0,0
BRDA:24,4,1,0
BRDA:25,5,0,0
BRDA:25,5,1,0
BRDA:26,6,0,0
BRDA:26,6,1,0
BRDA:29,7,0,0
BRDA:29,7,1,0
BRDA:35,8,0,0
BRDA:35,8,1,0
BRDA:42,9,0,0
BRDA:42,9,1,0
BRDA:45,10,0,0
BRDA:45,10,1,0
BRDA:50,11,0,0
BRDA:50,11,1,0
BRDA:61,12,0,0
BRDA:61,12,1,0
BRDA:66,13,0,0
BRDA:66,13,1,0
BRDA:67,14,0,0
BRDA:67,14,1,0
BRDA:68,15,0,0
BRDA:68,15,1,0
BRDA:69,16,0,0
BRDA:69,16,1,0
BRDA:70,17,0,0
BRDA:70,17,1,0
BRDA:77,18,0,0
BRDA:77,18,1,0
BRDA:79,19,0,0
BRDA:79,19,1,0
BRDA:98,20,0,0
BRDA:98,20,1,0
BRDA:109,21,0,0
BRDA:109,21,1,0
BRDA:113,22,0,0
BRDA:113,22,1,0
BRDA:126,23,0,0
BRDA:126,23,1,0
BRDA:129,24,0,0
BRDA:129,24,1,0
BRDA:145,25,0,0
BRDA:145,25,1,0
BRDA:153,26,0,0
BRDA:153,26,1,0
BRDA:157,27,0,0
BRDA:157,27,1,0
BRDA:164,28,0,0
BRDA:164,28,1,0
BRDA:168,29,0,0
BRDA:168,29,1,0
BRDA:175,30,0,0
BRDA:175,30,1,0
BRDA:179,31,0,0
BRDA:179,31,1,0
BRDA:186,32,0,0
BRDA:186,32,1,0
BRDA:190,33,0,0
BRDA:190,33,1,0
BRF:66
BRH:0
end_of_record
TN:
SF:src\components\filterGroup\FilterGroup.jsx
FN:8,FilterGroup
FN:21,(anonymous_1)
FN:29,(anonymous_2)
FN:34,(anonymous_3)
FN:50,(anonymous_4)
FN:51,(anonymous_5)
FNF:6
FNH:0
FNDA:0,FilterGroup
FNDA:0,(anonymous_1)
FNDA:0,(anonymous_2)
FNDA:0,(anonymous_3)
FNDA:0,(anonymous_4)
FNDA:0,(anonymous_5)
DA:10,0
DA:11,0
DA:13,0
DA:21,0
DA:22,0
DA:23,0
DA:24,0
DA:29,0
DA:32,0
DA:34,0
DA:37,0
DA:40,0
DA:42,0
DA:43,0
DA:47,0
DA:51,0
LF:16
LH:0
BRDA:23,0,0,0
BRDA:23,0,1,0
BRDA:32,1,0,0
BRDA:32,1,1,0
BRDA:42,2,0,0
BRDA:42,2,1,0
BRF:6
BRH:0
end_of_record
TN:
SF:src\components\filterPills\FilterPill.jsx
FN:4,FilterPill
FNF:1
FNH:0
FNDA:0,FilterPill
DA:6,0
DA:8,0
LF:2
LH:0
BRDA:4,0,0,0
BRDA:6,1,0,0
BRDA:6,1,1,0
BRF:3
BRH:0
end_of_record
TN:
SF:src\components\navbar\Navbar.jsx
FN:7,Navbar
FNF:1
FNH:0
FNDA:0,Navbar
DA:8,0
DA:9,0
LF:2
LH:0
BRF:0
BRH:0
end_of_record
TN:
SF:src\components\searchInput\SearchInput.jsx
FN:6,SearchInput
FN:9,(anonymous_1)
FN:16,(anonymous_2)
FNF:3
FNH:0
FNDA:0,SearchInput
FNDA:0,(anonymous_1)
FNDA:0,(anonymous_2)
DA:7,0
DA:9,0
DA:10,0
DA:11,0
DA:12,0
DA:16,0
DA:17,0
DA:18,0
DA:19,0
DA:23,0
LF:10
LH:0
BRDA:6,0,0,0
BRDA:11,1,0,0
BRDA:11,1,1,0
BRDA:18,2,0,0
BRDA:18,2,1,0
BRF:5
BRH:0
end_of_record
TN:
SF:src\components\sideMenuAdmin\SideMenuAdmin.jsx
FN:10,SideMenuAdmin
FN:12,(anonymous_1)
FN:17,(anonymous_2)
FN:18,(anonymous_3)
FN:20,(anonymous_4)
FN:25,(anonymous_5)
FN:29,(anonymous_6)
FN:35,(anonymous_7)
FNF:8
FNH:0
FNDA:0,SideMenuAdmin
FNDA:0,(anonymous_1)
FNDA:0,(anonymous_2)
FNDA:0,(anonymous_3)
FNDA:0,(anonymous_4)
FNDA:0,(anonymous_5)
FNDA:0,(anonymous_6)
FNDA:0,(anonymous_7)
DA:11,0
DA:12,0
DA:14,0
DA:15,0
DA:17,0
DA:18,0
DA:20,0
DA:21,0
DA:22,0
DA:25,0
DA:26,0
DA:29,0
DA:30,0
DA:32,0
DA:35,0
DA:36,0
DA:37,0
DA:38,0
DA:42,0
DA:50,0
LF:20
LH:0
BRDA:86,0,0,0
BRDA:86,0,1,0
BRDA:95,1,0,0
BRDA:95,1,1,0
BRF:4
BRH:0
end_of_record
TN:
SF:src\components\signoutEditModal\SignoutEditModal.jsx
FN:4,SignoutEditModal
FN:11,(anonymous_1)
FNF:2
FNH:0
FNDA:0,SignoutEditModal
FNDA:0,(anonymous_1)
DA:5,0
DA:11,0
LF:2
LH:0
BRF:0
BRH:0
end_of_record
TN:
SF:src\pages\AppointmentsPage.jsx
FN:15,AppointmentsPage
FN:33,(anonymous_1)
FN:43,fetchAppointmentsWithFilters
FN:64,(anonymous_3)
FN:68,(anonymous_4)
FN:92,(anonymous_5)
FN:117,(anonymous_6)
FN:122,(anonymous_7)
FN:123,(anonymous_8)
FN:124,(anonymous_9)
FN:125,(anonymous_10)
FN:126,(anonymous_11)
FN:127,(anonymous_12)
FN:130,(anonymous_13)
FN:140,(anonymous_14)
FN:153,(anonymous_15)
FN:165,(anonymous_16)
FN:193,(anonymous_17)
FN:202,(anonymous_18)
FN:205,(anonymous_19)
FN:219,(anonymous_20)
FN:224,(anonymous_21)
FN:224,(anonymous_22)
FN:224,(anonymous_23)
FN:228,(anonymous_24)
FN:233,(anonymous_25)
FN:233,(anonymous_26)
FN:238,(anonymous_27)
FNF:28
FNH:20
FNDA:103,AppointmentsPage
FNDA:77,(anonymous_1)
FNDA:5,fetchAppointmentsWithFilters
FNDA:2,(anonymous_3)
FNDA:2,(anonymous_4)
FNDA:74,(anonymous_5)
FNDA:0,(anonymous_6)
FNDA:1,(anonymous_7)
FNDA:9,(anonymous_8)
FNDA:6,(anonymous_9)
FNDA:1,(anonymous_10)
FNDA:4,(anonymous_11)
FNDA:1,(anonymous_12)
FNDA:0,(anonymous_13)
FNDA:0,(anonymous_14)
FNDA:2,(anonymous_15)
FNDA:2,(anonymous_16)
FNDA:35,(anonymous_17)
FNDA:9,(anonymous_18)
FNDA:0,(anonymous_19)
FNDA:0,(anonymous_20)
FNDA:1,(anonymous_21)
FNDA:4,(anonymous_22)
FNDA:0,(anonymous_23)
FNDA:0,(anonymous_24)
FNDA:1,(anonymous_25)
FNDA:2,(anonymous_26)
FNDA:0,(anonymous_27)
DA:16,103
DA:17,103
DA:18,103
DA:19,103
DA:20,103
DA:21,103
DA:22,103
DA:23,103
DA:26,103
DA:27,103
DA:28,103
DA:29,103
DA:30,103
DA:33,103
DA:34,77
DA:35,5
DA:37,72
DA:38,72
DA:44,5
DA:45,5
DA:46,5
DA:47,5
DA:55,5
DA:57,4
DA:58,4
DA:59,4
DA:60,4
DA:61,4
DA:64,4
DA:65,2
DA:68,1
DA:69,2
DA:73,1
DA:74,1
DA:76,1
DA:80,4
DA:81,4
DA:83,4
DA:84,4
DA:86,5
DA:92,103
DA:93,74
DA:94,74
DA:96,74
DA:97,74
DA:99,74
DA:100,74
DA:101,74
DA:103,74
DA:104,73
DA:106,73
DA:107,73
DA:110,1
DA:111,1
DA:113,74
DA:117,103
DA:118,0
DA:119,0
DA:122,103
DA:123,103
DA:124,103
DA:125,103
DA:126,103
DA:127,103
DA:130,103
DA:131,0
DA:135,0
DA:140,103
DA:141,0
DA:142,0
DA:143,0
DA:144,0
DA:145,0
DA:147,0
DA:148,0
DA:153,103
DA:154,2
DA:155,2
DA:156,1
DA:157,1
DA:159,1
DA:160,1
DA:165,103
DA:166,2
DA:167,2
DA:168,1
DA:169,1
DA:170,1
DA:172,1
DA:173,1
DA:178,103
DA:194,35
DA:202,9
DA:205,0
DA:219,0
DA:224,4
DA:228,0
DA:233,2
DA:238,0
LF:99
LH:84
BRDA:34,0,0,5
BRDA:34,0,1,72
BRDA:34,1,0,77
BRDA:34,1,1,72
BRDA:48,2,0,5
BRDA:48,2,1,0
BRDA:49,3,0,0
BRDA:49,3,1,5
BRDA:50,4,0,0
BRDA:50,4,1,5
BRDA:52,5,0,0
BRDA:52,5,1,5
BRDA:190,6,0,64
BRDA:190,6,1,39
BRDA:218,7,0,103
BRDA:218,7,1,3
BRDA:223,8,0,103
BRDA:223,8,1,24
BRDA:227,9,0,103
BRDA:227,9,1,12
BRDA:232,10,0,103
BRDA:232,10,1,61
BRDA:232,10,2,61
BRDA:237,11,0,103
BRDA:237,11,1,3
BRDA:242,12,0,103
BRDA:242,12,1,14
BRF:27
BRH:23
end_of_record
TN:
SF:src\pages\CalendarPage.jsx
FN:15,CalendarPage
FN:28,(anonymous_1)
FN:32,(anonymous_2)
FN:36,(anonymous_3)
FN:51,(anonymous_4)
FN:54,(anonymous_5)
FN:80,(anonymous_6)
FN:84,(anonymous_7)
FN:85,(anonymous_8)
FN:86,(anonymous_9)
FN:87,(anonymous_10)
FN:88,(anonymous_11)
FN:89,(anonymous_12)
FN:92,(anonymous_13)
FN:105,(anonymous_14)
FN:117,(anonymous_15)
FN:129,(anonymous_16)
FN:165,(anonymous_17)
FN:174,(anonymous_18)
FN:177,(anonymous_19)
FN:195,(anonymous_20)
FN:204,(anonymous_21)
FN:210,(anonymous_22)
FN:211,(anonymous_23)
FN:212,(anonymous_24)
FN:220,(anonymous_25)
FN:235,(anonymous_26)
FN:241,(anonymous_27)
FNF:28
FNH:24
FNDA:89,CalendarPage
FNDA:15,(anonymous_1)
FNDA:30,(anonymous_2)
FNDA:18,(anonymous_3)
FNDA:30,(anonymous_4)
FNDA:26,(anonymous_5)
FNDA:1,(anonymous_6)
FNDA:5,(anonymous_7)
FNDA:13,(anonymous_8)
FNDA:7,(anonymous_9)
FNDA:3,(anonymous_10)
FNDA:2,(anonymous_11)
FNDA:2,(anonymous_12)
FNDA:4,(anonymous_13)
FNDA:1,(anonymous_14)
FNDA:0,(anonymous_15)
FNDA:0,(anonymous_16)
FNDA:39,(anonymous_17)
FNDA:13,(anonymous_18)
FNDA:0,(anonymous_19)
FNDA:1,(anonymous_20)
FNDA:2,(anonymous_21)
FNDA:3,(anonymous_22)
FNDA:2,(anonymous_23)
FNDA:2,(anonymous_24)
FNDA:2,(anonymous_25)
FNDA:2,(anonymous_26)
FNDA:0,(anonymous_27)
DA:16,89
DA:17,89
DA:18,89
DA:19,89
DA:20,89
DA:21,89
DA:22,89
DA:23,89
DA:24,89
DA:25,89
DA:26,89
DA:28,89
DA:29,15
DA:32,89
DA:33,30
DA:36,89
DA:37,18
DA:38,18
DA:39,18
DA:40,17
DA:41,17
DA:43,1
DA:44,1
DA:46,18
DA:51,89
DA:52,30
DA:54,30
DA:55,26
DA:57,26
DA:63,26
DA:69,26
DA:71,26
DA:72,14
DA:75,26
DA:77,30
DA:80,89
DA:81,1
DA:84,89
DA:85,89
DA:86,89
DA:87,89
DA:88,89
DA:89,89
DA:92,89
DA:93,4
DA:94,4
DA:95,3
DA:96,3
DA:97,3
DA:99,1
DA:100,1
DA:105,89
DA:106,1
DA:107,1
DA:108,0
DA:109,0
DA:110,0
DA:112,1
DA:113,1
DA:117,89
DA:118,0
DA:119,0
DA:120,0
DA:121,0
DA:122,0
DA:124,0
DA:125,0
DA:129,89
DA:130,0
DA:131,0
DA:132,0
DA:133,0
DA:135,0
DA:136,0
DA:140,89
DA:166,39
DA:174,13
DA:177,0
DA:195,1
DA:204,2
DA:210,3
DA:211,2
DA:212,2
DA:220,2
DA:235,2
DA:241,0
LF:86
LH:68
BRDA:41,0,0,17
BRDA:41,0,1,0
BRDA:71,1,0,14
BRDA:71,1,1,12
BRDA:162,2,0,36
BRDA:162,2,1,53
BRDA:164,3,0,38
BRDA:164,3,1,15
BRDA:192,4,0,89
BRDA:192,4,1,6
BRDA:200,5,0,89
BRDA:200,5,1,6
BRDA:208,6,0,89
BRDA:208,6,1,7
BRDA:216,7,0,89
BRDA:216,7,1,4
BRDA:225,8,0,89
BRDA:225,8,1,2
BRDA:232,9,0,89
BRDA:232,9,1,25
BRDA:232,9,2,25
BRF:21
BRH:20
end_of_record
TN:
SF:src\pages\HomePage.jsx
FN:9,HomePage
FN:16,(anonymous_1)
FN:19,(anonymous_2)
FN:36,(anonymous_3)
FN:40,(anonymous_4)
FN:50,(anonymous_5)
FN:55,(anonymous_6)
FN:65,(anonymous_7)
FN:71,(anonymous_8)
FN:92,(anonymous_9)
FN:99,(anonymous_10)
FNF:11
FNH:9
FNDA:14,HomePage
FNDA:28,(anonymous_1)
FNDA:10,(anonymous_2)
FNDA:5,(anonymous_3)
FNDA:5,(anonymous_4)
FNDA:5,(anonymous_5)
FNDA:1,(anonymous_6)
FNDA:1,(anonymous_7)
FNDA:0,(anonymous_8)
FNDA:1,(anonymous_9)
FNDA:0,(anonymous_10)
DA:10,14
DA:11,14
DA:12,14
DA:13,14
DA:15,14
DA:16,28
DA:19,14
DA:20,10
DA:21,10
DA:22,10
DA:24,10
DA:25,6
DA:28,2
DA:29,2
DA:30,2
DA:32,8
DA:36,14
DA:37,5
DA:40,14
DA:41,5
DA:42,5
DA:43,0
DA:45,5
DA:46,5
DA:50,14
DA:51,5
DA:52,5
DA:55,14
DA:56,1
DA:57,1
DA:58,1
DA:59,1
DA:60,1
DA:62,1
DA:65,14
DA:66,1
DA:68,1
DA:71,14
DA:73,14
DA:93,1
DA:99,0
LF:41
LH:39
BRDA:25,0,0,6
BRDA:25,0,1,0
BRDA:43,1,0,0
BRDA:43,1,1,0
BRDA:87,2,0,10
BRDA:87,2,1,4
BRDA:89,3,0,1
BRDA:89,3,1,3
BRDA:91,4,0,1
BRDA:91,4,1,2
BRF:10
BRH:7
end_of_record
TN:
SF:src\pages\HomeUserPage.jsx
FN:17,HomeUserPage
FN:29,(anonymous_1)
FN:42,(anonymous_2)
FN:47,(anonymous_3)
FN:51,(anonymous_4)
FN:54,(anonymous_5)
FN:82,(anonymous_6)
FN:88,(anonymous_7)
FN:94,(anonymous_8)
FN:105,(anonymous_9)
FN:111,(anonymous_10)
FN:117,(anonymous_11)
FN:120,(anonymous_12)
FN:120,(anonymous_13)
FN:135,(anonymous_14)
FN:141,(anonymous_15)
FN:146,(anonymous_16)
FN:151,(anonymous_17)
FN:152,(anonymous_18)
FN:169,(anonymous_19)
FN:175,(anonymous_20)
FN:176,(anonymous_21)
FN:179,(anonymous_22)
FN:185,(anonymous_23)
FN:210,(anonymous_24)
FN:222,(anonymous_25)
FNF:26
FNH:14
FNDA:28,HomeUserPage
FNDA:9,(anonymous_1)
FNDA:9,(anonymous_2)
FNDA:0,(anonymous_3)
FNDA:0,(anonymous_4)
FNDA:0,(anonymous_5)
FNDA:1,(anonymous_6)
FNDA:5,(anonymous_7)
FNDA:0,(anonymous_8)
FNDA:0,(anonymous_9)
FNDA:4,(anonymous_10)
FNDA:2,(anonymous_11)
FNDA:1,(anonymous_12)
FNDA:2,(anonymous_13)
FNDA:1,(anonymous_14)
FNDA:14,(anonymous_15)
FNDA:0,(anonymous_16)
FNDA:0,(anonymous_17)
FNDA:0,(anonymous_18)
FNDA:30,(anonymous_19)
FNDA:5,(anonymous_20)
FNDA:4,(anonymous_21)
FNDA:0,(anonymous_22)
FNDA:0,(anonymous_23)
FNDA:0,(anonymous_24)
FNDA:0,(anonymous_25)
DA:18,28
DA:19,28
DA:20,28
DA:21,28
DA:22,28
DA:23,28
DA:24,28
DA:25,28
DA:26,28
DA:29,28
DA:30,9
DA:31,9
DA:32,9
DA:33,9
DA:35,0
DA:36,0
DA:38,9
DA:42,28
DA:43,9
DA:47,28
DA:48,0
DA:49,0
DA:51,0
DA:53,0
DA:54,0
DA:55,0
DA:57,0
DA:63,0
DA:64,0
DA:65,0
DA:70,0
DA:72,0
DA:77,0
DA:78,0
DA:82,28
DA:83,1
DA:84,1
DA:88,28
DA:89,5
DA:90,5
DA:94,28
DA:95,0
DA:96,0
DA:97,0
DA:99,0
DA:101,0
DA:105,28
DA:106,0
DA:107,0
DA:111,28
DA:112,4
DA:113,4
DA:117,28
DA:118,2
DA:119,2
DA:120,2
DA:121,1
DA:126,1
DA:131,2
DA:132,2
DA:135,28
DA:136,1
DA:137,1
DA:141,28
DA:142,14
DA:144,28
DA:146,0
DA:151,28
DA:152,0
DA:153,0
DA:156,28
DA:170,30
DA:175,5
DA:176,4
DA:180,0
DA:185,0
DA:211,0
DA:212,0
DA:222,0
LF:79
LH:48
BRDA:48,0,0,0
BRDA:48,0,1,0
BRDA:51,1,0,0
BRDA:51,1,1,0
BRDA:55,2,0,0
BRDA:55,2,1,0
BRDA:96,3,0,0
BRDA:96,3,1,0
BRDA:144,4,0,0
BRDA:144,4,1,28
BRDA:166,5,0,11
BRDA:166,5,1,17
BRDA:168,6,0,16
BRDA:168,6,1,1
BRDA:207,7,0,28
BRDA:207,7,1,11
BRDA:218,8,0,28
BRDA:218,8,1,2
BRDA:225,9,0,28
BRDA:225,9,1,4
BRF:20
BRH:11
end_of_record
TN:
SF:src\pages\LoginPage.jsx
FN:7,(anonymous_0)
FN:7,(anonymous_1)
FN:18,(anonymous_2)
FN:19,(anonymous_3)
FN:22,(anonymous_4)
FN:26,(anonymous_5)
FN:50,(anonymous_6)
FN:61,(anonymous_7)
FN:68,(anonymous_8)
FN:91,(anonymous_9)
FN:104,(anonymous_10)
FN:109,(anonymous_11)
FNF:12
FNH:10
FNDA:15,(anonymous_0)
FNDA:0,(anonymous_1)
FNDA:4,(anonymous_2)
FNDA:4,(anonymous_3)
FNDA:0,(anonymous_4)
FNDA:3,(anonymous_5)
FNDA:3,(anonymous_6)
FNDA:1,(anonymous_7)
FNDA:3000,(anonymous_8)
FNDA:2,(anonymous_9)
FNDA:2,(anonymous_10)
FNDA:2,(anonymous_11)
DA:7,1
DA:8,15
DA:10,15
DA:15,15
DA:16,15
DA:18,15
DA:19,4
DA:21,4
DA:22,0
DA:26,15
DA:27,3
DA:29,3
DA:30,1
DA:32,2
DA:33,2
DA:35,2
DA:36,1
DA:40,3
DA:41,1
DA:42,2
DA:43,1
DA:46,3
DA:47,3
DA:50,15
DA:51,3
DA:52,3
DA:53,1
DA:57,1
DA:61,15
DA:62,1
DA:65,15
DA:69,3000
DA:91,2
DA:104,2
DA:109,2
LF:35
LH:34
BRDA:7,0,0,0
BRDA:21,1,0,0
BRDA:21,1,1,4
BRDA:29,2,0,1
BRDA:29,2,1,2
BRDA:35,3,0,1
BRDA:35,3,1,1
BRDA:35,4,0,2
BRDA:35,4,1,1
BRDA:40,5,0,1
BRDA:40,5,1,2
BRDA:42,6,0,1
BRDA:42,6,1,1
BRDA:52,7,0,1
BRDA:52,7,1,2
BRDA:88,8,0,2
BRDA:88,8,1,13
BRDA:94,9,0,15
BRDA:94,9,1,2
BRDA:100,10,0,1
BRDA:100,10,1,14
BRDA:101,11,0,2
BRDA:101,11,1,13
BRDA:111,12,0,1
BRDA:111,12,1,14
BRDA:114,13,0,15
BRDA:114,13,1,2
BRF:27
BRH:25
end_of_record
TN:
SF:src\pages\PatientPage.jsx
FN:18,(anonymous_0)
FN:31,(anonymous_1)
FN:35,fetchPatients
FN:65,(anonymous_3)
FN:67,(anonymous_4)
FN:73,(anonymous_5)
FN:77,(anonymous_6)
FN:87,(anonymous_7)
FN:92,(anonymous_8)
FN:94,(anonymous_9)
FN:95,(anonymous_10)
FN:110,(anonymous_11)
FN:114,(anonymous_12)
FN:119,(anonymous_13)
FN:126,(anonymous_14)
FN:131,(anonymous_15)
FN:135,(anonymous_16)
FN:137,(anonymous_17)
FN:137,(anonymous_18)
FN:141,(anonymous_19)
FN:146,(anonymous_20)
FN:151,(anonymous_21)
FN:210,(anonymous_22)
FN:216,(anonymous_23)
FN:219,(anonymous_24)
FN:238,(anonymous_25)
FN:244,(anonymous_26)
FNF:27
FNH:24
FNDA:75,(anonymous_0)
FNDA:55,(anonymous_1)
FNDA:55,fetchPatients
FNDA:167,(anonymous_3)
FNDA:5,(anonymous_4)
FNDA:1,(anonymous_5)
FNDA:4,(anonymous_6)
FNDA:2,(anonymous_7)
FNDA:1,(anonymous_8)
FNDA:1,(anonymous_9)
FNDA:3,(anonymous_10)
FNDA:1,(anonymous_11)
FNDA:1,(anonymous_12)
FNDA:6,(anonymous_13)
FNDA:2,(anonymous_14)
FNDA:1,(anonymous_15)
FNDA:3,(anonymous_16)
FNDA:0,(anonymous_17)
FNDA:0,(anonymous_18)
FNDA:1,(anonymous_19)
FNDA:111,(anonymous_20)
FNDA:9,(anonymous_21)
FNDA:161,(anonymous_22)
FNDA:5,(anonymous_23)
FNDA:4,(anonymous_24)
FNDA:0,(anonymous_25)
FNDA:1,(anonymous_26)
DA:18,1
DA:19,75
DA:20,75
DA:21,75
DA:22,75
DA:23,75
DA:24,75
DA:25,75
DA:26,75
DA:27,75
DA:28,75
DA:29,75
DA:31,75
DA:32,55
DA:36,55
DA:37,55
DA:38,55
DA:48,55
DA:49,55
DA:53,54
DA:55,1
DA:56,1
DA:61,55
DA:65,167
DA:67,75
DA:68,5
DA:69,1
DA:73,75
DA:74,1
DA:77,75
DA:78,4
DA:79,4
DA:80,4
DA:82,0
DA:84,4
DA:87,75
DA:88,2
DA:89,2
DA:92,75
DA:93,1
DA:94,1
DA:95,3
DA:96,1
DA:97,1
DA:98,1
DA:99,1
DA:103,1
DA:105,0
DA:106,0
DA:110,75
DA:111,1
DA:114,75
DA:115,1
DA:116,1
DA:119,75
DA:120,6
DA:121,6
DA:122,0
DA:126,75
DA:127,2
DA:128,2
DA:131,75
DA:132,1
DA:135,3
DA:137,0
DA:138,0
DA:141,1
DA:142,1
DA:146,75
DA:147,111
DA:150,75
DA:151,9
DA:154,75
DA:211,161
DA:216,5
DA:220,4
DA:238,0
DA:244,1
LF:78
LH:71
BRDA:39,0,0,55
BRDA:39,0,1,54
BRDA:40,1,0,0
BRDA:40,1,1,55
BRDA:41,2,0,0
BRDA:41,2,1,55
BRDA:42,3,0,0
BRDA:42,3,1,55
BRDA:43,4,0,0
BRDA:43,4,1,55
BRDA:44,5,0,0
BRDA:44,5,1,55
BRDA:48,6,0,55
BRDA:48,6,1,54
BRDA:49,7,0,1
BRDA:49,7,1,54
BRDA:68,8,0,1
BRDA:68,8,1,4
BRDA:74,9,0,0
BRDA:74,9,1,1
BRDA:79,10,0,4
BRDA:79,10,1,0
BRDA:88,11,0,0
BRDA:88,11,1,2
BRDA:100,12,0,0
BRDA:100,12,1,1
BRDA:121,13,0,0
BRDA:121,13,1,6
BRDA:132,14,0,0
BRDA:132,14,1,1
BRDA:135,15,0,0
BRDA:135,15,1,1
BRDA:137,16,0,0
BRDA:137,16,1,0
BRDA:150,17,0,3
BRDA:150,17,1,72
BRDA:175,18,0,44
BRDA:175,18,1,31
BRDA:235,19,0,75
BRDA:235,19,1,11
BRDA:243,20,0,75
BRDA:243,20,1,6
BRDA:247,21,0,75
BRDA:247,21,1,6
BRF:44
BRH:30
end_of_record
TN:
SF:src\pages\PatientProfile.jsx
FN:19,(anonymous_0)
FN:37,(anonymous_1)
FN:38,(anonymous_2)
FN:41,(anonymous_3)
FN:52,(anonymous_4)
FN:53,(anonymous_5)
FN:58,(anonymous_6)
FN:82,(anonymous_7)
FN:88,(anonymous_8)
FN:93,(anonymous_9)
FN:106,(anonymous_10)
FN:123,(anonymous_11)
FN:138,(anonymous_12)
FN:142,(anonymous_13)
FN:160,(anonymous_14)
FN:169,(anonymous_15)
FN:179,(anonymous_16)
FN:197,(anonymous_17)
FN:216,(anonymous_18)
FNF:19
FNH:18
FNDA:46,(anonymous_0)
FNDA:10,(anonymous_1)
FNDA:10,(anonymous_2)
FNDA:9,(anonymous_3)
FNDA:21,(anonymous_4)
FNDA:21,(anonymous_5)
FNDA:11,(anonymous_6)
FNDA:2,(anonymous_7)
FNDA:3,(anonymous_8)
FNDA:2,(anonymous_9)
FNDA:1,(anonymous_10)
FNDA:1,(anonymous_11)
FNDA:3,(anonymous_12)
FNDA:2,(anonymous_13)
FNDA:1,(anonymous_14)
FNDA:0,(anonymous_15)
FNDA:1,(anonymous_16)
FNDA:1,(anonymous_17)
FNDA:4,(anonymous_18)
DA:19,1
DA:20,46
DA:21,46
DA:23,46
DA:24,46
DA:26,46
DA:27,46
DA:29,46
DA:30,46
DA:32,46
DA:33,46
DA:35,46
DA:37,46
DA:38,10
DA:39,10
DA:40,10
DA:41,10
DA:42,10
DA:44,0
DA:46,10
DA:49,10
DA:52,46
DA:53,21
DA:54,21
DA:55,11
DA:56,11
DA:57,11
DA:58,11
DA:63,11
DA:65,0
DA:66,0
DA:68,11
DA:71,21
DA:74,46
DA:75,36
DA:76,1
DA:82,35
DA:83,2
DA:84,2
DA:85,2
DA:88,35
DA:89,3
DA:90,3
DA:93,35
DA:94,2
DA:95,2
DA:96,1
DA:97,1
DA:98,1
DA:100,1
DA:101,1
DA:102,1
DA:106,35
DA:107,1
DA:108,1
DA:116,1
DA:118,1
DA:123,1
DA:125,1
DA:126,1
DA:128,0
DA:129,0
DA:133,35
DA:139,3
DA:140,3
DA:143,2
DA:144,2
DA:160,1
DA:169,0
DA:179,1
DA:198,1
DA:199,1
DA:217,4
DA:218,4
LF:74
LH:68
BRDA:42,0,0,10
BRDA:42,0,1,1
BRDA:54,1,0,10
BRDA:54,1,1,11
BRDA:60,2,0,11
BRDA:60,2,1,0
BRDA:61,3,0,11
BRDA:61,3,1,0
BRDA:61,3,2,0
BRDA:74,4,0,10
BRDA:74,4,1,36
BRDA:75,5,0,1
BRDA:75,5,1,35
BRDA:112,6,0,1
BRDA:112,6,1,0
BRDA:120,7,0,1
BRDA:120,7,1,0
BRDA:121,8,0,1
BRDA:121,8,1,0
BRDA:121,8,2,0
BRDA:157,9,0,35
BRDA:157,9,1,3
BRDA:167,10,0,35
BRDA:167,10,1,2
BRDA:175,11,0,35
BRDA:175,11,1,10
BRDA:184,12,0,35
BRDA:184,12,1,8
BRDA:184,12,2,4
BRDA:192,13,0,35
BRDA:192,13,1,8
BRDA:192,13,2,2
BRDA:205,14,0,35
BRDA:205,14,1,8
BRDA:205,14,2,2
BRF:35
BRH:28
end_of_record
TN:
SF:src\pages\SignInPage.jsx
FN:9,SignInPage
FN:15,(anonymous_1)
FN:32,(anonymous_2)
FN:43,(anonymous_3)
FNF:4
FNH:4
FNDA:10,SignInPage
FNDA:3,(anonymous_1)
FNDA:2000,(anonymous_2)
FNDA:1,(anonymous_3)
DA:10,10
DA:11,10
DA:12,10
DA:15,10
DA:16,3
DA:17,3
DA:18,3
DA:19,3
DA:20,2
DA:22,1
DA:23,1
DA:25,3
DA:29,10
DA:33,2000
LF:14
LH:14
BRDA:23,0,0,1
BRDA:23,0,1,0
BRF:2
BRH:1
end_of_record
TN:
SF:src\services\APIAppointment.js
FN:3,formatDateTime
FN:14,searchAppointments
FN:52,getUpcomingAppointments
FN:68,getAllAppointments
FN:80,getAppointmentsByDate
FN:92,getAvailableSlots
FN:105,getAppointmentsByPatient
FN:117,createAppointment
FN:134,updateAppointment
FN:155,updateAppointmentStatus
FN:187,updateAppointmentType
FN:203,deleteAppointment
FNF:12
FNH:8
FNDA:2,formatDateTime
FNDA:0,searchAppointments
FNDA:2,getUpcomingAppointments
FNDA:0,getAllAppointments
FNDA:0,getAppointmentsByDate
FNDA:2,getAvailableSlots
FNDA:0,getAppointmentsByPatient
FNDA:2,createAppointment
FNDA:3,updateAppointment
FNDA:1,updateAppointmentStatus
FNDA:1,updateAppointmentType
FNDA:3,deleteAppointment
DA:1,1
DA:4,2
DA:5,1
DA:6,1
DA:7,1
DA:8,1
DA:9,1
DA:10,1
DA:11,1
DA:15,0
DA:16,0
DA:18,0
DA:19,0
DA:21,0
DA:22,0
DA:24,0
DA:25,0
DA:27,0
DA:28,0
DA:31,0
DA:33,0
DA:40,0
DA:41,0
DA:44,0
DA:46,0
DA:47,0
DA:53,2
DA:54,2
DA:55,2
DA:56,1
DA:58,1
DA:60,1
DA:62,1
DA:63,1
DA:69,0
DA:70,0
DA:71,0
DA:72,0
DA:74,0
DA:75,0
DA:81,0
DA:82,0
DA:83,0
DA:84,0
DA:86,0
DA:87,0
DA:93,2
DA:94,2
DA:95,1
DA:96,1
DA:97,1
DA:99,1
DA:100,1
DA:106,0
DA:107,0
DA:108,0
DA:109,0
DA:111,0
DA:112,0
DA:118,2
DA:119,2
DA:125,2
DA:126,1
DA:128,1
DA:129,1
DA:135,3
DA:136,3
DA:142,3
DA:143,0
DA:144,0
DA:147,3
DA:149,0
DA:150,0
DA:156,1
DA:157,1
DA:164,1
DA:165,1
DA:175,1
DA:177,0
DA:178,0
DA:179,0
DA:181,0
DA:182,0
DA:188,1
DA:189,1
DA:197,0
DA:198,0
DA:204,3
DA:205,3
DA:206,3
DA:207,1
DA:210,2
DA:211,2
DA:212,1
DA:214,1
DA:217,1
DA:218,1
LF:97
LH:51
BRDA:4,0,0,1
BRDA:4,0,1,1
BRDA:18,1,0,0
BRDA:18,1,1,0
BRDA:18,2,0,0
BRDA:18,2,1,0
BRDA:21,3,0,0
BRDA:21,3,1,0
BRDA:24,4,0,0
BRDA:24,4,1,0
BRDA:27,5,0,0
BRDA:27,5,1,0
BRDA:31,6,0,0
BRDA:31,6,1,0
BRDA:40,7,0,0
BRDA:40,7,1,0
BRDA:52,8,0,1
BRDA:55,9,0,1
BRDA:55,9,1,1
BRDA:71,10,0,0
BRDA:71,10,1,0
BRDA:83,11,0,0
BRDA:83,11,1,0
BRDA:95,12,0,0
BRDA:95,12,1,1
BRDA:108,13,0,0
BRDA:108,13,1,0
BRDA:125,14,0,1
BRDA:125,14,1,1
BRDA:142,15,0,0
BRDA:142,15,1,3
BRDA:164,16,0,1
BRDA:164,16,1,1
BRDA:165,17,0,0
BRDA:165,17,1,1
BRDA:177,18,0,0
BRDA:177,18,1,0
BRDA:206,19,0,1
BRDA:206,19,1,2
BRDA:211,20,0,1
BRDA:211,20,1,1
BRDA:211,21,0,2
BRDA:211,21,1,1
BRF:43
BRH:18
end_of_record
TN:
SF:src\services\APILogin.js
FN:3,(anonymous_0)
FNF:1
FNH:1
FNDA:4,(anonymous_0)
DA:1,1
DA:3,1
DA:11,4
DA:12,4
DA:21,3
DA:24,2
DA:25,2
DA:30,1
DA:33,3
DA:34,3
LF:10
LH:10
BRDA:21,0,0,2
BRDA:21,0,1,1
BRDA:25,1,0,2
BRDA:25,1,1,1
BRF:4
BRH:4
end_of_record
TN:
SF:src\services\APIPatient.js
FN:5,getPatients
FN:21,updatePatient
FN:46,registerPatient
FN:87,deletePatient
FN:103,searchPatients
FNF:5
FNH:5
FNDA:2,getPatients
FNDA:2,updatePatient
FNDA:2,registerPatient
FNDA:2,deletePatient
FNDA:2,searchPatients
DA:2,1
DA:6,2
DA:7,2
DA:13,2
DA:14,1
DA:15,1
DA:17,1
DA:18,1
DA:22,2
DA:23,2
DA:31,2
DA:32,1
DA:33,1
DA:36,1
DA:37,1
DA:39,1
DA:40,1
DA:47,2
DA:49,2
DA:52,2
DA:55,2
DA:63,2
DA:64,1
DA:68,2
DA:74,2
DA:75,1
DA:76,1
DA:79,1
DA:80,1
DA:82,1
DA:83,1
DA:88,2
DA:89,2
DA:92,2
DA:93,1
DA:94,1
DA:96,1
DA:98,1
DA:99,1
DA:104,2
DA:105,2
DA:106,2
DA:107,2
DA:108,2
DA:109,2
DA:111,2
DA:112,2
DA:116,2
DA:117,1
DA:119,1
DA:120,1
LF:51
LH:51
BRDA:13,0,0,1
BRDA:13,0,1,1
BRDA:31,1,0,1
BRDA:31,1,1,1
BRDA:63,2,0,1
BRDA:63,2,1,1
BRDA:74,3,0,1
BRDA:74,3,1,1
BRDA:92,4,0,1
BRDA:92,4,1,1
BRDA:106,5,0,2
BRDA:106,5,1,0
BRDA:106,6,0,2
BRDA:106,6,1,2
BRDA:107,7,0,1
BRDA:107,7,1,1
BRDA:108,8,0,1
BRDA:108,8,1,1
BRDA:109,9,0,1
BRDA:109,9,1,1
BRDA:111,10,0,2
BRDA:111,10,1,0
BRDA:116,11,0,1
BRDA:116,11,1,1
BRF:24
BRH:22
end_of_record
TN:
SF:src\services\APIRegister.js
FN:2,(anonymous_0)
FNF:1
FNH:1
FNDA:4,(anonymous_0)
DA:2,1
DA:3,4
DA:4,4
DA:10,3
DA:11,2
DA:12,2
DA:15,1
DA:16,1
DA:18,3
DA:19,3
LF:10
LH:10
BRDA:10,0,0,2
BRDA:10,0,1,1
BRDA:12,1,0,2
BRDA:12,1,1,1
BRF:4
BRH:4
end_of_record
TN:
SF:src\services\APITreatment.js
FN:3,getTreatments
FN:19,getTreatmentsByPatient
FN:34,createTreatment
FNF:3
FNH:3
FNDA:2,getTreatments
FNDA:2,getTreatmentsByPatient
FNDA:3,createTreatment
DA:1,1
DA:4,2
DA:5,2
DA:10,2
DA:11,1
DA:13,1
DA:14,1
DA:20,2
DA:21,2
DA:25,2
DA:26,1
DA:28,1
DA:29,1
DA:35,3
DA:36,3
DA:42,2
DA:43,1
DA:44,1
DA:47,1
DA:49,2
DA:50,2
LF:21
LH:21
BRDA:10,0,0,1
BRDA:10,0,1,1
BRDA:25,1,0,1
BRDA:25,1,1,1
BRDA:42,2,0,1
BRDA:42,2,1,1
BRF:6
BRH:6
end_of_record
TN:
SF:src\services\APIUser.js
FN:5,getAllUsers
FN:17,getUserById
FN:29,getUserByEmail
FN:41,createUser
FN:71,updateUser
FN:100,deleteUser
FNF:6
FNH:6
FNDA:2,getAllUsers
FNDA:2,getUserById
FNDA:2,getUserByEmail
FNDA:3,createUser
FNDA:3,updateUser
FNDA:3,deleteUser
DA:1,2
DA:6,2
DA:7,2
DA:8,2
DA:9,1
DA:11,1
DA:12,1
DA:18,2
DA:19,2
DA:20,2
DA:21,1
DA:23,1
DA:24,1
DA:30,2
DA:31,2
DA:32,2
DA:33,1
DA:35,1
DA:36,1
DA:42,3
DA:45,3
DA:47,1
DA:48,1
DA:49,1
DA:50,1
DA:52,2
DA:53,2
DA:56,3
DA:62,3
DA:63,2
DA:65,1
DA:66,1
DA:72,3
DA:75,3
DA:76,1
DA:77,1
DA:78,1
DA:79,1
DA:81,2
DA:82,2
DA:85,3
DA:91,3
DA:92,2
DA:94,1
DA:95,1
DA:101,3
DA:102,3
DA:103,3
DA:104,2
DA:106,1
DA:107,1
LF:51
LH:51
BRDA:8,0,0,1
BRDA:8,0,1,1
BRDA:20,1,0,1
BRDA:20,1,1,1
BRDA:32,2,0,1
BRDA:32,2,1,1
BRDA:41,3,0,2
BRDA:45,4,0,1
BRDA:45,4,1,2
BRDA:62,5,0,1
BRDA:62,5,1,2
BRDA:71,6,0,2
BRDA:75,7,0,1
BRDA:75,7,1,2
BRDA:91,8,0,1
BRDA:91,8,1,2
BRDA:103,9,0,1
BRDA:103,9,1,2
BRDA:104,10,0,1
BRDA:104,10,1,1
BRF:20
BRH:20
end_of_record
